<?xml version="1.0" encoding="UTF-8"?>
<!-- Generated by org.testng.reporters.JUnitReportReporter -->
<testsuite hostname="ATMECSINDT-050" name="com.atmecs.falcon.module.TestLogInUP" tests="1" failures="0" timestamp="19 Oct 2016 16:25:30 GMT" time="23.764" errors="0">
  <testcase name="testLogInUp" time="23.764" classname="com.atmecs.falcon.module.TestLogInUP"/>
</testsuite> <!-- com.atmecs.falcon.module.TestLogInUP -->
