<?xml version="1.0" encoding="UTF-8"?>
<!-- Generated by org.testng.reporters.JUnitReportReporter -->
<testsuite hostname="ATMECSINDT-050" name="com.atmecs.falcon.reminder.EditReminder" tests="1" failures="0" timestamp="14 Dec 2016 06:00:39 GMT" time="11.939" errors="0">
  <testcase name="editReminder" time="11.939" classname="com.atmecs.falcon.reminder.EditReminder"/>
</testsuite> <!-- com.atmecs.falcon.reminder.EditReminder -->
