<?xml version="1.0" encoding="UTF-8"?>
<!-- Generated by org.testng.reporters.JUnitReportReporter -->
<testsuite hostname="BRrpp658sdc.local" name="com.atmecs.falcon.module2.TestScript1" tests="2" failures="0" timestamp="7 Sep 2016 07:50:46 GMT" time="37.467" errors="0">
  <testcase name="testCheckBox" time="19.165" classname="com.atmecs.falcon.module2.TestScript1"/>
  <testcase name="testAddItemToCart" time="18.302" classname="com.atmecs.falcon.module2.TestScript1"/>
</testsuite> <!-- com.atmecs.falcon.module2.TestScript1 -->
