<?xml version="1.0" encoding="UTF-8"?>
<!-- Generated by org.testng.reporters.JUnitReportReporter -->
<testsuite hostname="ATMECSINDT-050" name="com.atmecs.falcon.signinandoobe.SignInPromtAccountCreatedInJawboneSite" tests="1" failures="0" timestamp="14 Dec 2016 10:19:54 GMT" time="30.290" errors="0">
  <testcase name="loginTest" time="30.290" classname="com.atmecs.falcon.signinandoobe.SignInPromtAccountCreatedInJawboneSite"/>
</testsuite> <!-- com.atmecs.falcon.signinandoobe.SignInPromtAccountCreatedInJawboneSite -->
