<?xml version="1.0" encoding="UTF-8"?>
<!-- Generated by org.testng.reporters.JUnitReportReporter -->
<testsuite hostname="ATMECSINDT-050" name="com.atmecs.falcone.duels.CheckFriendsMoveDetailScreen" tests="1" failures="0" timestamp="27 Jan 2017 12:37:51 GMT" time="73.852" errors="0">
  <testcase name="checkFriendsMoveDetail" time="73.852" classname="com.atmecs.falcone.duels.CheckFriendsMoveDetailScreen"/>
</testsuite> <!-- com.atmecs.falcone.duels.CheckFriendsMoveDetailScreen -->
