<?xml version="1.0" encoding="UTF-8"?>
<!-- Generated by org.testng.reporters.JUnitReportReporter -->
<testsuite hostname="ATMECSINDT-050" name="com.atmecs.falcon.signinandoobe.SignFailedInvalidEmail" tests="1" failures="0" timestamp="20 Dec 2016 12:36:01 GMT" time="45.741" errors="0">
  <testcase name="signInFailedInvalidEmail" time="45.741" classname="com.atmecs.falcon.signinandoobe.SignFailedInvalidEmail"/>
</testsuite> <!-- com.atmecs.falcon.signinandoobe.SignFailedInvalidEmail -->
