<?xml version="1.0" encoding="UTF-8"?>
<!-- Generated by org.testng.reporters.JUnitReportReporter -->
<testsuite hostname="ATMECSINDT-050" name="com.atmecs.falcone.duels.SendTwentyFourHrDuelFromFriendsProfile" tests="1" failures="0" timestamp="27 Jan 2017 13:12:45 GMT" time="58.367" errors="0">
  <testcase name="sendTwentyFourHrDuelFromFriendsProfile" time="58.367" classname="com.atmecs.falcone.duels.SendTwentyFourHrDuelFromFriendsProfile"/>
</testsuite> <!-- com.atmecs.falcone.duels.SendTwentyFourHrDuelFromFriendsProfile -->
