<?xml version="1.0" encoding="UTF-8"?>
<!-- Generated by org.testng.reporters.JUnitReportReporter -->
<testsuite hostname="ATMECSINDT-050" name="com.atmecs.falcon.module.TestLogInUP$TestLogInUPInnerClass" tests="1" failures="0" timestamp="20 Oct 2016 14:17:16 GMT" time="22.326" errors="0">
  <testcase name="testLogInUp" time="22.326" classname="com.atmecs.falcon.module.TestLogInUP$TestLogInUPInnerClass"/>
</testsuite> <!-- com.atmecs.falcon.module.TestLogInUP$TestLogInUPInnerClass -->
