<?xml version="1.0" encoding="UTF-8"?>
<!-- Generated by org.testng.reporters.JUnitReportReporter -->
<testsuite hostname="ATMECSINDT-050" name="com.atmecs.falcon.signinandoobe.SignOutLandsOnWelcomeScreen" tests="1" failures="0" timestamp="20 Dec 2016 12:36:02 GMT" time="57.200" errors="0">
  <testcase name="signOutLandsOnWelcomeScreen" time="57.200" classname="com.atmecs.falcon.signinandoobe.SignOutLandsOnWelcomeScreen"/>
</testsuite> <!-- com.atmecs.falcon.signinandoobe.SignOutLandsOnWelcomeScreen -->
