<?xml version="1.0" encoding="UTF-8"?>
<!-- Generated by org.testng.reporters.JUnitReportReporter -->
<testsuite hostname="ATMECSINDT-050" name="com.atmecs.falcon.signinandoobe.SignUsingClassicAccount" tests="1" failures="0" timestamp="20 Dec 2016 12:36:01 GMT" time="62.851" errors="0">
  <testcase name="signUsingClassicAccount" time="62.851" classname="com.atmecs.falcon.signinandoobe.SignUsingClassicAccount"/>
</testsuite> <!-- com.atmecs.falcon.signinandoobe.SignUsingClassicAccount -->
