<?xml version="1.0" encoding="UTF-8"?>
<!-- Generated by org.testng.reporters.JUnitReportReporter -->
<testsuite hostname="ATMECSINDT-050" name="com.atmecs.falcone.duels.StartDuelOnFriendsProfile" tests="1" failures="0" timestamp="27 Jan 2017 13:12:45 GMT" time="49.708" errors="0">
  <testcase name="sendDuelsFromFriendsProfile" time="49.708" classname="com.atmecs.falcone.duels.StartDuelOnFriendsProfile"/>
</testsuite> <!-- com.atmecs.falcone.duels.StartDuelOnFriendsProfile -->
