<?xml version="1.0" encoding="UTF-8"?>
<!-- Generated by org.testng.reporters.JUnitReportReporter -->
<testsuite hostname="ATMECSINDT-050" name="com.atmecs.falcon.reminder.SetReminder" tests="1" failures="0" timestamp="14 Dec 2016 06:00:39 GMT" time="12.062" errors="0">
  <testcase name="setReminder" time="12.062" classname="com.atmecs.falcon.reminder.SetReminder"/>
</testsuite> <!-- com.atmecs.falcon.reminder.SetReminder -->
