<?xml version="1.0" encoding="UTF-8"?>
<!-- Generated by org.testng.reporters.JUnitReportReporter -->
<testsuite hostname="ATMECSINDT-050" name="com.atmecs.falcon.module.LoginTest" tests="1" failures="0" timestamp="7 Dec 2016 11:29:43 GMT" time="41.936" errors="0">
  <testcase name="loginTest" time="41.936" classname="com.atmecs.falcon.module.LoginTest"/>
</testsuite> <!-- com.atmecs.falcon.module.LoginTest -->
