<?xml version="1.0" encoding="UTF-8"?>
<!-- Generated by org.testng.reporters.JUnitReportReporter -->
<testsuite hostname="ATMECSINDT-050" name="com.atmecs.falcon.module.LoginTest" tests="1" failures="0" timestamp="11 Nov 2016 14:34:34 GMT" time="47.238" errors="0">
  <testcase name="test" time="47.238" classname="com.atmecs.falcon.module.LoginTest"/>
</testsuite> <!-- com.atmecs.falcon.module.LoginTest -->
