<?xml version="1.0" encoding="UTF-8"?>
<!-- Generated by org.testng.reporters.JUnitReportReporter -->
<testsuite hostname="ATMECSINDT-050" name="com.atmecs.falcon.signinandoobe.EmailFieldPopulatedWithPreviouslySignedInUserEmailId" tests="1" failures="0" timestamp="20 Dec 2016 12:36:02 GMT" time="58.682" errors="0">
  <testcase name="emailFiledPopulatedWithPreviousSignedInEmailId" time="58.682" classname="com.atmecs.falcon.signinandoobe.EmailFieldPopulatedWithPreviouslySignedInUserEmailId"/>
</testsuite> <!-- com.atmecs.falcon.signinandoobe.EmailFieldPopulatedWithPreviouslySignedInUserEmailId -->
