<?xml version="1.0" encoding="UTF-8"?>
<!-- Generated by org.testng.reporters.JUnitReportReporter -->
<testsuite hostname="ATMECSINDT-050" name="com.atmecs.falcon.signinandoobe.SignFailedInvalidPassword" tests="1" failures="0" timestamp="20 Dec 2016 12:36:02 GMT" time="45.925" errors="0">
  <testcase name="signinFailedInvalidPassword" time="45.925" classname="com.atmecs.falcon.signinandoobe.SignFailedInvalidPassword"/>
</testsuite> <!-- com.atmecs.falcon.signinandoobe.SignFailedInvalidPassword -->
