<?xml version="1.0" encoding="UTF-8"?>
<!-- Generated by org.testng.reporters.JUnitReportReporter -->
<testsuite hostname="ATMECSINDT-050" name="com.atmecs.falcon.module.TestExample2" tests="1" failures="0" timestamp="10 Nov 2016 15:40:11 GMT" time="15.777" errors="0">
  <testcase name="test" time="15.777" classname="com.atmecs.falcon.module.TestExample2"/>
</testsuite> <!-- com.atmecs.falcon.module.TestExample2 -->
