<?xml version="1.0" encoding="UTF-8"?>
<!-- Generated by org.testng.reporters.JUnitReportReporter -->
<testsuite hostname="ATMECSINDT-050" name="com.atmecs.falcon.module.TestLogInUP$TestLogInInnerClass" tests="1" failures="0" timestamp="19 Oct 2016 15:27:38 GMT" time="23.305" errors="0">
  <testcase name="testLogInUp" time="23.305" classname="com.atmecs.falcon.module.TestLogInUP$TestLogInInnerClass"/>
</testsuite> <!-- com.atmecs.falcon.module.TestLogInUP$TestLogInInnerClass -->
