<?xml version="1.0" encoding="UTF-8"?>
<!-- Generated by org.testng.reporters.JUnitReportReporter -->
<testsuite hostname="ATMECSINDT-050" name="com.atmecs.falcone.duels.SendOneWeekDuelFromFriendsProfile" tests="1" failures="0" timestamp="27 Jan 2017 13:12:45 GMT" time="57.669" errors="0">
  <testcase name="sendOneWeekDuelFromFriendsProfile" time="57.669" classname="com.atmecs.falcone.duels.SendOneWeekDuelFromFriendsProfile"/>
</testsuite> <!-- com.atmecs.falcone.duels.SendOneWeekDuelFromFriendsProfile -->
