<?xml version="1.0" encoding="UTF-8"?>
<!-- Generated by org.testng.reporters.JUnitReportReporter -->
<testsuite hostname="ATMECSINLT-121" name="com.atmecs.falcon.module1.TestScript1" tests="1" failures="0" timestamp="18 Jul 2016 12:19:07 GMT" time="24.431" errors="0">
  <testcase name="testCheckBox" time="24.431" classname="com.atmecs.falcon.module1.TestScript1"/>
</testsuite> <!-- com.atmecs.falcon.module1.TestScript1 -->
